  Moc'ing ZC_Label_System.h...
  Uic'ing ZC_Label_System.ui...
  Moc'ing createnew.h...
  Moc'ing paintlabel.h...
  Moc'ing modify.h...
  Moc'ing mainaccountwindow.h...
  Moc'ing add.h...
  Moc'ing labelmainwindow.h...
  Rcc'ing ZC_Label_System.qrc...
  Uic'ing Main\labelmainwindow.ui...
  Uic'ing AccountManagement\add.ui...
  Uic'ing AccountManagement\mainaccountwindow.ui...
  Uic'ing AccountManagement\modify.ui...
  Uic'ing Patient\createnew.ui...
  add.cpp
  datactrl.cpp
  mainaccountwindow.cpp
  modify.cpp
  moc_add.cpp
  moc_createnew.cpp
  moc_labelmainwindow.cpp
  moc_mainaccountwindow.cpp
  moc_modify.cpp
  moc_paintlabel.cpp
d:\vsproject\zc_label_system\zc_label_system\generatedfiles\debug\../../MyLabel/paintlabel.h : warning C4819: 该文件包含不能在当前代码页(936)中表示的字符。请将该文件保存为 Unicode 格式以防止数据丢失
  moc_ZC_Label_System.cpp
  main.cpp
  imageinfo.cpp
  labelmainwindow.cpp
D:\vsproject\ZC_Label_System\ZC_Label_System\MyLabel/paintlabel.h : warning C4819: 该文件包含不能在当前代码页(936)中表示的字符。请将该文件保存为 Unicode 格式以防止数据丢失
  zoom.cpp
  dcm2image.cpp
  paintlabel.cpp
d:\vsproject\zc_label_system\zc_label_system\mylabel\paintlabel.h : warning C4819: 该文件包含不能在当前代码页(936)中表示的字符。请将该文件保存为 Unicode 格式以防止数据丢失
  createnew.cpp
  ZC_Label_System.cpp
  正在生成代码...
  qrc_ZC_Label_System.cpp
  ZC_Label_System.vcxproj -> D:\vsproject\ZC_Label_System\Win32\Debug\ZC_Label_System.exe
  ZC_Label_System.vcxproj -> D:\vsproject\ZC_Label_System\Win32\Debug\ZC_Label_System.pdb (Full PDB)
