d:\vsproject\zc_label_system\zc_label_system\release\vc140.pdb
d:\vsproject\zc_label_system\zc_label_system\release\zc_label_system.obj
d:\vsproject\zc_label_system\zc_label_system\release\createnew.obj
d:\vsproject\zc_label_system\zc_label_system\release\paintlabel.obj
d:\vsproject\zc_label_system\zc_label_system\release\dcm2image.obj
d:\vsproject\zc_label_system\zc_label_system\release\zoom.obj
d:\vsproject\zc_label_system\zc_label_system\release\labelmainwindow.obj
d:\vsproject\zc_label_system\zc_label_system\release\imageinfo.obj
d:\vsproject\zc_label_system\zc_label_system\release\main.obj
d:\vsproject\zc_label_system\zc_label_system\release\moc_zc_label_system.obj
d:\vsproject\zc_label_system\zc_label_system\release\moc_paintlabel.obj
d:\vsproject\zc_label_system\zc_label_system\release\moc_modify.obj
d:\vsproject\zc_label_system\zc_label_system\release\moc_mainaccountwindow.obj
d:\vsproject\zc_label_system\zc_label_system\release\moc_labelmainwindow.obj
d:\vsproject\zc_label_system\zc_label_system\release\moc_createnew.obj
d:\vsproject\zc_label_system\zc_label_system\release\moc_add.obj
d:\vsproject\zc_label_system\zc_label_system\release\modify.obj
d:\vsproject\zc_label_system\zc_label_system\release\mainaccountwindow.obj
d:\vsproject\zc_label_system\zc_label_system\release\datactrl.obj
d:\vsproject\zc_label_system\zc_label_system\release\add.obj
d:\vsproject\zc_label_system\zc_label_system\release\qrc_zc_label_system.obj
d:\vsproject\zc_label_system\zc_label_system\generatedfiles\release\moc_zc_label_system.cpp
d:\vsproject\zc_label_system\zc_label_system\generatedfiles\ui_zc_label_system.h
d:\vsproject\zc_label_system\zc_label_system\generatedfiles\release\moc_createnew.cpp
d:\vsproject\zc_label_system\zc_label_system\generatedfiles\release\moc_paintlabel.cpp
d:\vsproject\zc_label_system\zc_label_system\generatedfiles\release\moc_modify.cpp
d:\vsproject\zc_label_system\zc_label_system\generatedfiles\release\moc_mainaccountwindow.cpp
d:\vsproject\zc_label_system\zc_label_system\generatedfiles\release\moc_add.cpp
d:\vsproject\zc_label_system\zc_label_system\generatedfiles\release\moc_labelmainwindow.cpp
d:\vsproject\zc_label_system\zc_label_system\generatedfiles\qrc_zc_label_system.cpp
d:\vsproject\zc_label_system\zc_label_system\generatedfiles\ui_labelmainwindow.h
d:\vsproject\zc_label_system\zc_label_system\generatedfiles\ui_add.h
d:\vsproject\zc_label_system\zc_label_system\generatedfiles\ui_mainaccountwindow.h
d:\vsproject\zc_label_system\zc_label_system\generatedfiles\ui_modify.h
d:\vsproject\zc_label_system\zc_label_system\generatedfiles\ui_createnew.h
d:\vsproject\zc_label_system\win32\release\zc_label_system.exe
d:\vsproject\zc_label_system\zc_label_system\release\zc_label_system.tlog\cl.command.1.tlog
d:\vsproject\zc_label_system\zc_label_system\release\zc_label_system.tlog\cl.read.1.tlog
d:\vsproject\zc_label_system\zc_label_system\release\zc_label_system.tlog\cl.write.1.tlog
d:\vsproject\zc_label_system\zc_label_system\release\zc_label_system.tlog\custombuild.command.1.tlog
d:\vsproject\zc_label_system\zc_label_system\release\zc_label_system.tlog\custombuild.read.1.tlog
d:\vsproject\zc_label_system\zc_label_system\release\zc_label_system.tlog\custombuild.write.1.tlog
d:\vsproject\zc_label_system\zc_label_system\release\zc_label_system.tlog\link.command.1.tlog
d:\vsproject\zc_label_system\zc_label_system\release\zc_label_system.tlog\link.read.1.tlog
d:\vsproject\zc_label_system\zc_label_system\release\zc_label_system.tlog\link.write.1.tlog
